0 info it worked if it ends with ok
1 verbose cli [ '/usr/local/bin/node', '/usr/local/bin/npm', 'publish' ]
2 info using npm@3.9.5
3 info using node@v4.4.5
4 verbose publish [ '.' ]
5 silly cache add args [ '.', null ]
6 verbose cache add spec .
7 silly cache add parsed spec Result {
7 silly cache add   raw: '.',
7 silly cache add   scope: null,
7 silly cache add   name: null,
7 silly cache add   rawSpec: '.',
7 silly cache add   spec: '/Users/James/Documents/Projects/personal/eighty',
7 silly cache add   type: 'directory' }
8 verbose addLocalDirectory /Users/James/.npm/@eighty/server/0.0.12/package.tgz not in flight; packing
9 verbose correctMkdir /Users/James/.npm correctMkdir not in flight; initializing
10 info lifecycle @eighty/server@0.0.12~prepublish: @eighty/server@0.0.12
11 silly lifecycle @eighty/server@0.0.12~prepublish: no script for prepublish, continuing
12 verbose tar pack [ '/Users/James/.npm/@eighty/server/0.0.12/package.tgz',
12 verbose tar pack   '/Users/James/Documents/Projects/personal/eighty' ]
13 verbose tarball /Users/James/.npm/@eighty/server/0.0.12/package.tgz
14 verbose folder /Users/James/Documents/Projects/personal/eighty
15 verbose addLocalTarball adding from inside cache /Users/James/.npm/@eighty/server/0.0.12/package.tgz
16 verbose correctMkdir /Users/James/.npm correctMkdir not in flight; initializing
17 silly cache afterAdd @eighty/server@0.0.12
18 verbose afterAdd /Users/James/.npm/@eighty/server/0.0.12/package/package.json not in flight; writing
19 verbose correctMkdir /Users/James/.npm correctMkdir not in flight; initializing
20 verbose afterAdd /Users/James/.npm/@eighty/server/0.0.12/package/package.json written
21 silly publish { name: '@eighty/server',
21 silly publish   version: '0.0.12',
21 silly publish   description: 'Multi host web server for node',
21 silly publish   bin: { 'eighty-server': './bin/start.js' },
21 silly publish   main: 'server/index.js',
21 silly publish   scripts: { test: 'echo "Error: no test specified" && exit 1' },
21 silly publish   repository:
21 silly publish    { type: 'git',
21 silly publish      url: 'git+https://github.com/jameswestnz/npm-eighty-server.git' },
21 silly publish   author: '',
21 silly publish   license: 'ISC',
21 silly publish   bugs: { url: 'https://github.com/jameswestnz/npm-eighty-server/issues' },
21 silly publish   homepage: 'https://github.com/jameswestnz/npm-eighty-server#readme',
21 silly publish   dependencies:
21 silly publish    { h2o2: '^5.1.0',
21 silly publish      hapi: '^14.1.0',
21 silly publish      inert: '^4.0.1',
21 silly publish      lodash: '^4.14.1',
21 silly publish      promise: '^7.1.1',
21 silly publish      rc: '^1.1.6' },
21 silly publish   readme: '# eighty\n\nExample `.eightyrc`:\n```ini\n[servers.app1]\nname = app1.domain.ext\nlisten = 8080\n[servers.app1.locations.default]\npath = /{p*}\n[servers.app1.locations.default.proxy]\nhost = 127.0.0.1\nport = 8081\n[servers.app1.locations.default.error.default.file]\npath = ../../path/to/error.html\n\n[servers.app2]\nname = app2.domain.ext\nlisten = 8082\n[servers.app2.locations.default]\npath = /{p*}\n[servers.app2.locations.default.proxy]\nhost = 127.0.0.1\nport = 8083\n[servers.app2.locations.default.error.default.proxy]\nhost = 127.0.0.1\nport = 8081\n```\n',
21 silly publish   readmeFilename: 'README.md',
21 silly publish   gitHead: '5b4aa85950254e6b7309819df3c68c3935a7975c',
21 silly publish   _id: '@eighty/server@0.0.12',
21 silly publish   _shasum: '40757bdd2af2f4138234c76ca9db74c88e650e07',
21 silly publish   _from: '.' }
22 verbose getPublishConfig undefined
23 silly mapToRegistry name @eighty/server
24 silly mapToRegistry scope (from package name) @eighty
25 verbose mapToRegistry no registry URL found in name for scope @eighty
26 silly mapToRegistry using default registry
27 silly mapToRegistry registry https://registry.npmjs.org/
28 silly mapToRegistry data Result {
28 silly mapToRegistry   raw: '@eighty/server',
28 silly mapToRegistry   scope: '@eighty',
28 silly mapToRegistry   name: '@eighty/server',
28 silly mapToRegistry   rawSpec: '',
28 silly mapToRegistry   spec: 'latest',
28 silly mapToRegistry   type: 'tag' }
29 silly mapToRegistry uri https://registry.npmjs.org/@eighty%2fserver
30 verbose publish registryBase https://registry.npmjs.org/
31 silly publish uploading /Users/James/.npm/@eighty/server/0.0.12/package.tgz
32 verbose request uri https://registry.npmjs.org/@eighty%2fserver
33 verbose request sending authorization for write operation
34 info attempt registry request try #1 at 11:17:58 AM
35 verbose request using bearer token for auth
36 verbose request id 3fb935f9ab9dd24e
37 http request PUT https://registry.npmjs.org/@eighty%2fserver
38 http 404 https://registry.npmjs.org/@eighty%2fserver
39 verbose headers { 'content-type': 'application/json',
39 verbose headers   'cache-control': 'max-age=0',
39 verbose headers   'content-length': '21',
39 verbose headers   'accept-ranges': 'bytes',
39 verbose headers   date: 'Tue, 06 Sep 2016 23:18:00 GMT',
39 verbose headers   via: '1.1 varnish',
39 verbose headers   connection: 'keep-alive',
39 verbose headers   'x-served-by': 'cache-syd1626-SYD',
39 verbose headers   'x-cache': 'MISS',
39 verbose headers   'x-cache-hits': '0',
39 verbose headers   'x-timer': 'S1473203879.974324,VS0,VE759' }
40 verbose request invalidating /Users/James/.npm/registry.npmjs.org/_40eighty_252fserver on PUT
41 error publish Failed PUT 404
42 verbose stack Error: Not found : @eighty/server
42 verbose stack     at makeError (/usr/local/lib/node_modules/npm/node_modules/npm-registry-client/lib/request.js:264:12)
42 verbose stack     at CachingRegistryClient.<anonymous> (/usr/local/lib/node_modules/npm/node_modules/npm-registry-client/lib/request.js:252:14)
42 verbose stack     at Request._callback (/usr/local/lib/node_modules/npm/node_modules/npm-registry-client/lib/request.js:172:14)
42 verbose stack     at Request.self.callback (/usr/local/lib/node_modules/npm/node_modules/request/request.js:200:22)
42 verbose stack     at emitTwo (events.js:87:13)
42 verbose stack     at Request.emit (events.js:172:7)
42 verbose stack     at Request.<anonymous> (/usr/local/lib/node_modules/npm/node_modules/request/request.js:1067:10)
42 verbose stack     at emitOne (events.js:82:20)
42 verbose stack     at Request.emit (events.js:169:7)
42 verbose stack     at IncomingMessage.<anonymous> (/usr/local/lib/node_modules/npm/node_modules/request/request.js:988:12)
43 verbose statusCode 404
44 verbose pkgid @eighty/server
45 verbose cwd /Users/James/Documents/Projects/personal/eighty
46 error Darwin 15.6.0
47 error argv "/usr/local/bin/node" "/usr/local/bin/npm" "publish"
48 error node v4.4.5
49 error npm  v3.9.5
50 error code E404
51 error 404 Not found : @eighty/server
52 error 404
53 error 404 '@eighty/server' is not in the npm registry.
54 error 404 You should bug the author to publish it (or use the name yourself!)
55 error 404 Note that you can also install from a
56 error 404 tarball, folder, http url, or git url.
57 verbose exit [ 1, true ]
